2026-03-28 15:38:30.885 Uncaught app execution
Traceback (most recent call last):
  File "C:\Users\sophi\AppData\Local\Programs\Python\Python311\Lib\site-packages\streamlit\runtime\scriptrunner\exec_code.py", line 129, in exec_func_with_error_handling
    result = func()
             ^^^^^^
  File "C:\Users\sophi\AppData\Local\Programs\Python\Python311\Lib\site-packages\streamlit\runtime\scriptrunner\script_runner.py", line 689, in code_to_exec
    exec(code, module.__dict__)  # noqa: S102
    ^^^^^^^^^^^^^^^^^^^^^^^^^^^
  File "C:\Users\sophi\Desktop\MAXENCE\business\CleanmyMap-main\app.py", line 3676, in <module>
    render_mission_validation(
  File "C:\Users\sophi\Desktop\MAXENCE\business\CleanmyMap-main\src\pages\community_validation.py", line 58, in render_mission_validation
    if st.button("Utile", key=f"up_{sid}", width="stretch"):
       ^^^^^^^^^^^^^^^^^^^^^^^^^^^^^^^^^^^^^^^^^^^^^^^^^^^^
  File "C:\Users\sophi\Desktop\MAXENCE\business\CleanmyMap-main\src\text_utils.py", line 123, in wrapper
    return __original(*args, **kwargs)
           ^^^^^^^^^^^^^^^^^^^^^^^^^^^
  File "C:\Users\sophi\AppData\Local\Programs\Python\Python311\Lib\site-packages\streamlit\runtime\metrics_util.py", line 532, in wrapped_func
    result = non_optional_func(*args, **kwargs)
             ^^^^^^^^^^^^^^^^^^^^^^^^^^^^^^^^^^
  File "C:\Users\sophi\AppData\Local\Programs\Python\Python311\Lib\site-packages\streamlit\elements\widgets\button.py", line 378, in button
    return self.dg._button(
           ^^^^^^^^^^^^^^^^
  File "C:\Users\sophi\AppData\Local\Programs\Python\Python311\Lib\site-packages\streamlit\elements\widgets\button.py", line 1457, in _button
    element_id = compute_and_register_element_id(
                 ^^^^^^^^^^^^^^^^^^^^^^^^^^^^^^^^
  File "C:\Users\sophi\AppData\Local\Programs\Python\Python311\Lib\site-packages\streamlit\elements\lib\utils.py", line 265, in compute_and_register_element_id
    _register_element_id(ctx, element_type, element_id)
  File "C:\Users\sophi\AppData\Local\Programs\Python\Python311\Lib\site-packages\streamlit\elements\lib\utils.py", line 145, in _register_element_id
    raise StreamlitDuplicateElementKey(user_key)
streamlit.errors.StreamlitDuplicateElementKey: There are multiple elements with the same `key='up_'`. To fix this, please make sure that the `key` argument is unique for each element you create.
Task exception was never retrieved
future: <Task finished name='Task-1144' coro=<WebSocketProtocol13.write_message.<locals>.wrapper() done, defined at C:\Users\sophi\AppData\Local\Programs\Python\Python311\Lib\site-packages\tornado\websocket.py:1111> exception=WebSocketClosedError()>
Traceback (most recent call last):
  File "C:\Users\sophi\AppData\Local\Programs\Python\Python311\Lib\site-packages\tornado\websocket.py", line 1113, in wrapper
    await fut
tornado.iostream.StreamClosedError: Stream is closed

During handling of the above exception, another exception occurred:

Traceback (most recent call last):
  File "C:\Users\sophi\AppData\Local\Programs\Python\Python311\Lib\site-packages\tornado\websocket.py", line 1115, in wrapper
    raise WebSocketClosedError()
tornado.websocket.WebSocketClosedError
Task exception was never retrieved
future: <Task finished name='Task-1279' coro=<WebSocketProtocol13.write_message.<locals>.wrapper() done, defined at C:\Users\sophi\AppData\Local\Programs\Python\Python311\Lib\site-packages\tornado\websocket.py:1111> exception=WebSocketClosedError()>
Traceback (most recent call last):
  File "C:\Users\sophi\AppData\Local\Programs\Python\Python311\Lib\site-packages\tornado\websocket.py", line 1113, in wrapper
    await fut
tornado.iostream.StreamClosedError: Stream is closed

During handling of the above exception, another exception occurred:

Traceback (most recent call last):
  File "C:\Users\sophi\AppData\Local\Programs\Python\Python311\Lib\site-packages\tornado\websocket.py", line 1115, in wrapper
    raise WebSocketClosedError()
tornado.websocket.WebSocketClosedError
2026-03-28 15:45:10.206 Uncaught app execution
Traceback (most recent call last):
  File "C:\Users\sophi\AppData\Local\Programs\Python\Python311\Lib\site-packages\streamlit\runtime\scriptrunner\exec_code.py", line 129, in exec_func_with_error_handling
    result = func()
             ^^^^^^
  File "C:\Users\sophi\AppData\Local\Programs\Python\Python311\Lib\site-packages\streamlit\runtime\scriptrunner\script_runner.py", line 689, in code_to_exec
    exec(code, module.__dict__)  # noqa: S102
    ^^^^^^^^^^^^^^^^^^^^^^^^^^^
  File "C:\Users\sophi\Desktop\MAXENCE\business\CleanmyMap-main\app.py", line 3676, in <module>
    render_mission_validation(
  File "C:\Users\sophi\Desktop\MAXENCE\business\CleanmyMap-main\src\pages\community_validation.py", line 58, in render_mission_validation
    if st.button("Utile", key=f"up_{sid}", width="stretch"):
       ^^^^^^^^^^^^^^^^^^^^^^^^^^^^^^^^^^^^^^^^^^^^^^^^^^^^
  File "C:\Users\sophi\Desktop\MAXENCE\business\CleanmyMap-main\src\text_utils.py", line 123, in wrapper
    return __original(*args, **kwargs)
           ^^^^^^^^^^^^^^^^^^^^^^^^^^^
  File "C:\Users\sophi\AppData\Local\Programs\Python\Python311\Lib\site-packages\streamlit\runtime\metrics_util.py", line 532, in wrapped_func
    result = non_optional_func(*args, **kwargs)
             ^^^^^^^^^^^^^^^^^^^^^^^^^^^^^^^^^^
  File "C:\Users\sophi\AppData\Local\Programs\Python\Python311\Lib\site-packages\streamlit\elements\widgets\button.py", line 378, in button
    return self.dg._button(
           ^^^^^^^^^^^^^^^^
  File "C:\Users\sophi\AppData\Local\Programs\Python\Python311\Lib\site-packages\streamlit\elements\widgets\button.py", line 1457, in _button
    element_id = compute_and_register_element_id(
                 ^^^^^^^^^^^^^^^^^^^^^^^^^^^^^^^^
  File "C:\Users\sophi\AppData\Local\Programs\Python\Python311\Lib\site-packages\streamlit\elements\lib\utils.py", line 265, in compute_and_register_element_id
    _register_element_id(ctx, element_type, element_id)
  File "C:\Users\sophi\AppData\Local\Programs\Python\Python311\Lib\site-packages\streamlit\elements\lib\utils.py", line 145, in _register_element_id
    raise StreamlitDuplicateElementKey(user_key)
streamlit.errors.StreamlitDuplicateElementKey: There are multiple elements with the same `key='up_'`. To fix this, please make sure that the `key` argument is unique for each element you create.
2026-03-28 15:47:39.188 Uncaught app execution
Traceback (most recent call last):
  File "C:\Users\sophi\AppData\Local\Programs\Python\Python311\Lib\site-packages\streamlit\runtime\scriptrunner\exec_code.py", line 129, in exec_func_with_error_handling
    result = func()
             ^^^^^^
  File "C:\Users\sophi\AppData\Local\Programs\Python\Python311\Lib\site-packages\streamlit\runtime\scriptrunner\script_runner.py", line 689, in code_to_exec
    exec(code, module.__dict__)  # noqa: S102
    ^^^^^^^^^^^^^^^^^^^^^^^^^^^
  File "C:\Users\sophi\Desktop\MAXENCE\business\CleanmyMap-main\app.py", line 4309, in <module>
    filtered_df[safe_cols].sort_values(sort_col, ascending=False),
    ^^^^^^^^^^^^^^^^^^^^^^^^^^^^^^^^^^^^^^^^^^^^^^^^^^^^^^^^^^^^^
  File "C:\Users\sophi\AppData\Local\Programs\Python\Python311\Lib\site-packages\pandas\core\frame.py", line 7211, in sort_values
    k = self._get_label_or_level_values(by[0], axis=axis)
        ^^^^^^^^^^^^^^^^^^^^^^^^^^^^^^^^^^^^^^^^^^^^^^^^^
  File "C:\Users\sophi\AppData\Local\Programs\Python\Python311\Lib\site-packages\pandas\core\generic.py", line 1914, in _get_label_or_level_values
    raise KeyError(key)
KeyError: 'date_dt'
Task exception was never retrieved
future: <Task finished name='Task-2267' coro=<WebSocketProtocol13.write_message.<locals>.wrapper() done, defined at C:\Users\sophi\AppData\Local\Programs\Python\Python311\Lib\site-packages\tornado\websocket.py:1111> exception=WebSocketClosedError()>
Traceback (most recent call last):
  File "C:\Users\sophi\AppData\Local\Programs\Python\Python311\Lib\site-packages\tornado\websocket.py", line 1113, in wrapper
    await fut
tornado.iostream.StreamClosedError: Stream is closed

During handling of the above exception, another exception occurred:

Traceback (most recent call last):
  File "C:\Users\sophi\AppData\Local\Programs\Python\Python311\Lib\site-packages\tornado\websocket.py", line 1115, in wrapper
    raise WebSocketClosedError()
tornado.websocket.WebSocketClosedError
2026-03-28 16:04:57.265 Uncaught app execution
Traceback (most recent call last):
  File "C:\Users\sophi\AppData\Local\Programs\Python\Python311\Lib\site-packages\streamlit\runtime\scriptrunner\exec_code.py", line 129, in exec_func_with_error_handling
    result = func()
             ^^^^^^
  File "C:\Users\sophi\AppData\Local\Programs\Python\Python311\Lib\site-packages\streamlit\runtime\scriptrunner\script_runner.py", line 689, in code_to_exec
    exec(code, module.__dict__)  # noqa: S102
    ^^^^^^^^^^^^^^^^^^^^^^^^^^^
  File "C:\Users\sophi\Desktop\MAXENCE\business\CleanmyMap-main\app.py", line 3676, in <module>
    render_mission_validation(
  File "C:\Users\sophi\Desktop\MAXENCE\business\CleanmyMap-main\src\pages\community_validation.py", line 58, in render_mission_validation
    if st.button("Utile", key=f"up_{sid}", width="stretch"):
       ^^^^^^^^^^^^^^^^^^^^^^^^^^^^^^^^^^^^^^^^^^^^^^^^^^^^
  File "C:\Users\sophi\Desktop\MAXENCE\business\CleanmyMap-main\src\text_utils.py", line 123, in wrapper
    return __original(*args, **kwargs)
           ^^^^^^^^^^^^^^^^^^^^^^^^^^^
  File "C:\Users\sophi\AppData\Local\Programs\Python\Python311\Lib\site-packages\streamlit\runtime\metrics_util.py", line 532, in wrapped_func
    result = non_optional_func(*args, **kwargs)
             ^^^^^^^^^^^^^^^^^^^^^^^^^^^^^^^^^^
  File "C:\Users\sophi\AppData\Local\Programs\Python\Python311\Lib\site-packages\streamlit\elements\widgets\button.py", line 378, in button
    return self.dg._button(
           ^^^^^^^^^^^^^^^^
  File "C:\Users\sophi\AppData\Local\Programs\Python\Python311\Lib\site-packages\streamlit\elements\widgets\button.py", line 1457, in _button
    element_id = compute_and_register_element_id(
                 ^^^^^^^^^^^^^^^^^^^^^^^^^^^^^^^^
  File "C:\Users\sophi\AppData\Local\Programs\Python\Python311\Lib\site-packages\streamlit\elements\lib\utils.py", line 265, in compute_and_register_element_id
    _register_element_id(ctx, element_type, element_id)
  File "C:\Users\sophi\AppData\Local\Programs\Python\Python311\Lib\site-packages\streamlit\elements\lib\utils.py", line 145, in _register_element_id
    raise StreamlitDuplicateElementKey(user_key)
streamlit.errors.StreamlitDuplicateElementKey: There are multiple elements with the same `key='up_'`. To fix this, please make sure that the `key` argument is unique for each element you create.
2026-03-28 16:18:29.624 Uncaught app execution
Traceback (most recent call last):
  File "C:\Users\sophi\AppData\Local\Programs\Python\Python311\Lib\site-packages\pandas\core\indexes\base.py", line 3812, in get_loc
    return self._engine.get_loc(casted_key)
           ^^^^^^^^^^^^^^^^^^^^^^^^^^^^^^^^
  File "pandas/_libs/index.pyx", line 167, in pandas._libs.index.IndexEngine.get_loc
  File "pandas/_libs/index.pyx", line 196, in pandas._libs.index.IndexEngine.get_loc
  File "pandas/_libs/hashtable_class_helper.pxi", line 7088, in pandas._libs.hashtable.PyObjectHashTable.get_item
  File "pandas/_libs/hashtable_class_helper.pxi", line 7096, in pandas._libs.hashtable.PyObjectHashTable.get_item
KeyError: 'ville'

The above exception was the direct cause of the following exception:

Traceback (most recent call last):
  File "C:\Users\sophi\AppData\Local\Programs\Python\Python311\Lib\site-packages\streamlit\runtime\scriptrunner\exec_code.py", line 129, in exec_func_with_error_handling
    result = func()
             ^^^^^^
  File "C:\Users\sophi\AppData\Local\Programs\Python\Python311\Lib\site-packages\streamlit\runtime\scriptrunner\script_runner.py", line 689, in code_to_exec
    exec(code, module.__dict__)  # noqa: S102
    ^^^^^^^^^^^^^^^^^^^^^^^^^^^
  File "C:\Users\sophi\Desktop\MAXENCE\business\CleanmyMap-main\app.py", line 4734, in <module>
    render_partner_dashboard(all_submissions_df, approved_df, PDFReport)
  File "C:\Users\sophi\Desktop\MAXENCE\business\CleanmyMap-main\src\pages\partner_dashboard.py", line 81, in render_partner_dashboard
    pdf_bytes = pdf_builder_cls(filt).generate(dest="S")
                ^^^^^^^^^^^^^^^^^^^^^^^^^^^^^^^^^^^^^^^^
  File "C:\Users\sophi\Desktop\MAXENCE\business\CleanmyMap-main\src\report_generator.py", line 824, in generate
    villes = [v for v in self.full_df['ville'].unique() if pd.notna(v)] or ['Général']
                         ~~~~~~~~~~~~^^^^^^^^^
  File "C:\Users\sophi\AppData\Local\Programs\Python\Python311\Lib\site-packages\pandas\core\frame.py", line 4113, in __getitem__
    indexer = self.columns.get_loc(key)
              ^^^^^^^^^^^^^^^^^^^^^^^^^
  File "C:\Users\sophi\AppData\Local\Programs\Python\Python311\Lib\site-packages\pandas\core\indexes\base.py", line 3819, in get_loc
    raise KeyError(key) from err
KeyError: 'ville'
2026-03-28 16:18:29.637 Uncaught app execution
Traceback (most recent call last):
  File "C:\Users\sophi\AppData\Local\Programs\Python\Python311\Lib\site-packages\pandas\core\indexes\base.py", line 3812, in get_loc
    return self._engine.get_loc(casted_key)
           ^^^^^^^^^^^^^^^^^^^^^^^^^^^^^^^^
  File "pandas/_libs/index.pyx", line 167, in pandas._libs.index.IndexEngine.get_loc
  File "pandas/_libs/index.pyx", line 196, in pandas._libs.index.IndexEngine.get_loc
  File "pandas/_libs/hashtable_class_helper.pxi", line 7088, in pandas._libs.hashtable.PyObjectHashTable.get_item
  File "pandas/_libs/hashtable_class_helper.pxi", line 7096, in pandas._libs.hashtable.PyObjectHashTable.get_item
KeyError: 'ville'

The above exception was the direct cause of the following exception:

Traceback (most recent call last):
  File "C:\Users\sophi\AppData\Local\Programs\Python\Python311\Lib\site-packages\streamlit\runtime\scriptrunner\exec_code.py", line 129, in exec_func_with_error_handling
    result = func()
             ^^^^^^
  File "C:\Users\sophi\AppData\Local\Programs\Python\Python311\Lib\site-packages\streamlit\runtime\scriptrunner\script_runner.py", line 689, in code_to_exec
    exec(code, module.__dict__)  # noqa: S102
    ^^^^^^^^^^^^^^^^^^^^^^^^^^^
  File "C:\Users\sophi\Desktop\MAXENCE\business\CleanmyMap-main\app.py", line 4734, in <module>
    render_partner_dashboard(all_submissions_df, approved_df, PDFReport)
  File "C:\Users\sophi\Desktop\MAXENCE\business\CleanmyMap-main\src\pages\partner_dashboard.py", line 81, in render_partner_dashboard
    pdf_bytes = pdf_builder_cls(filt).generate(dest="S")
                ^^^^^^^^^^^^^^^^^^^^^^^^^^^^^^^^^^^^^^^^
  File "C:\Users\sophi\Desktop\MAXENCE\business\CleanmyMap-main\src\report_generator.py", line 824, in generate
    villes = [v for v in self.full_df['ville'].unique() if pd.notna(v)] or ['Général']
                         ~~~~~~~~~~~~^^^^^^^^^
  File "C:\Users\sophi\AppData\Local\Programs\Python\Python311\Lib\site-packages\pandas\core\frame.py", line 4113, in __getitem__
    indexer = self.columns.get_loc(key)
              ^^^^^^^^^^^^^^^^^^^^^^^^^
  File "C:\Users\sophi\AppData\Local\Programs\Python\Python311\Lib\site-packages\pandas\core\indexes\base.py", line 3819, in get_loc
    raise KeyError(key) from err
KeyError: 'ville'
